<?xml version="1.0" encoding="UTF-8"?>
<!-- Generated by org.testng.reporters.JUnitReportReporter -->
<testsuite hostname="SriRamKumar" failures="0" tests="1" name="runner.Runner" time="2.659" errors="0" timestamp="2024-03-30T11:52:00 IST" skipped="0">
  <testcase classname="runner.Runner" name="runScenario" time="2.659"/>
</testsuite> <!-- runner.Runner -->
