<?xml version="1.0" encoding="UTF-8"?>
<!-- Generated by org.testng.reporters.JUnitReportReporter -->
<testsuite hostname="SriRamKumar" failures="0" tests="2" name="runner.CheckLoginRunner" time="11.035" errors="0" timestamp="2024-04-01T17:29:13 IST" skipped="0">
  <testcase classname="runner.CheckLoginRunner" name="runScenario" time="4.950"/>
  <testcase classname="runner.CheckLoginRunner" name="runScenario" time="6.085"/>
</testsuite> <!-- runner.CheckLoginRunner -->
