<?xml version="1.0" encoding="UTF-8"?>
<!-- Generated by org.testng.reporters.JUnitReportReporter -->
<testsuite hostname="SriRamKumar" failures="0" tests="1" name="testngdemo.demo1" time="5.409" errors="0" timestamp="2024-11-20T17:15:21 IST" skipped="0">
  <testcase classname="testngdemo.demo1" name="login" time="5.409"/>
  <system-out/>
</testsuite> <!-- testngdemo.demo1 -->
