<?xml version="1.0" encoding="UTF-8"?>
<!-- Generated by org.testng.reporters.JUnitReportReporter -->
<testsuite hostname="SriRamKumar" failures="0" tests="1" name="cucumberintro.demo1" time="2.733" errors="0" timestamp="2024-11-20T17:21:42 IST" skipped="0">
  <testcase classname="cucumberintro.demo1" name="login" time="2.733"/>
  <system-out/>
</testsuite> <!-- cucumberintro.demo1 -->
