<?xml version="1.0" encoding="UTF-8"?>
<!-- Generated by org.testng.reporters.JUnitReportReporter -->
<testsuite hostname="SriRamKumar" failures="0" tests="1" name="cucumberintro.table" time="5.078" errors="0" timestamp="2024-11-20T17:21:42 IST" skipped="0">
  <testcase classname="cucumberintro.table" name="get" time="5.078"/>
  <system-out/>
</testsuite> <!-- cucumberintro.table -->
